  ConsoleApplication2.cpp
D:\Programming\Labs C++ Variant3\ConsoleApplication2\ConsoleApplication2.cpp(12,16): warning C4244: аргумент: преобразование "time_t" в "unsigned int", возможна потеря данных
D:\Programming\Labs C++ Variant3\ConsoleApplication2\ConsoleApplication2.cpp(12,15): warning C4244: аргумент: преобразование "time_t" в "unsigned int", возможна потеря данных
D:\Programming\Labs C++ Variant3\ConsoleApplication2\ConsoleApplication2.cpp(70): message : выполняется компиляция ссылки на экземпляр шаблон функции "void inputMassive<int>(T *&,int &)"
          with
          [
              T=int
          ]
D:\Programming\Labs C++ Variant3\ConsoleApplication2\ConsoleApplication2.cpp(16,22): warning C4244: =: преобразование "double" в "T", возможна потеря данных
          with
          [
              T=int
          ]
D:\Programming\Labs C++ Variant3\ConsoleApplication2\ConsoleApplication2.cpp(22,23): warning C4018: <: несоответствие типов со знаком и без знака
D:\Programming\Labs C++ Variant3\ConsoleApplication2\ConsoleApplication2.cpp(71): message : выполняется компиляция ссылки на экземпляр шаблон функции "void showMassive<int>(T *&,const unsigned int)"
          with
          [
              T=int
          ]
  ConsoleApplication2.vcxproj -> D:\Programming\Labs C++ Variant3\ConsoleApplication2\Debug\ConsoleApplication2.exe
