  Lab3.cpp
D:\Programming\Labs C++ Variant3\Lab3\Lab3.cpp(157,13): warning C4244: аргумент: преобразование "time_t" в "unsigned int", возможна потеря данных
D:\Programming\Labs C++ Variant3\Lab3\Lab3.cpp(157,13): message : Сообщение диагностики возникло в созданной компилятором функции "void fillRandomMassive(T *&)"
D:\Programming\Labs C++ Variant3\Lab3\Lab3.cpp(157,12): warning C4244: аргумент: преобразование "time_t" в "unsigned int", возможна потеря данных
D:\Programming\Labs C++ Variant3\Lab3\Lab3.cpp(127): message : выполняется компиляция ссылки на экземпляр шаблон функции "void fillRandomMassive<int>(T *&)"
          with
          [
              T=int
          ]
D:\Programming\Labs C++ Variant3\Lab3\Lab3.cpp(159,14): warning C4244: =: преобразование "double" в "T", возможна потеря данных
          with
          [
              T=int
          ]
D:\Programming\Labs C++ Variant3\Lab3\Lab3.cpp(86,13): warning C4244: return: преобразование "double" в "T", возможна потеря данных
          with
          [
              T=int
          ]
D:\Programming\Labs C++ Variant3\Lab3\Lab3.cpp(80): message : во время компиляции функции-члена класс шаблон "T Vector<T>::getAvarageElemsValue(void)"
          with
          [
              T=int
          ]
D:\Programming\Labs C++ Variant3\Lab3\Lab3.cpp(133): message : выполняется компиляция ссылки на экземпляр шаблон функции "T Vector<T>::getAvarageElemsValue(void)"
          with
          [
              T=int
          ]
D:\Programming\Labs C++ Variant3\Lab3\Lab3.cpp(128): message : выполняется компиляция ссылки на экземпляр класс шаблон функции "Vector<int>"
  Lab3.vcxproj -> D:\Programming\Labs C++ Variant3\Lab3\Debug\Lab3.exe
