  Source.cpp
D:\Programming\Labs C++ Variant3\Lab13-RAII_File\Source.cpp(39,1): error C2664: "void S<T>::print(std::basic_string<char,std::char_traits<char>,std::allocator<char>> &)": невозможно преобразовать аргумент 1 из "const std::string" в "T &"
          with
          [
              T=const std::string &
          ]
          and
          [
              T=std::string
          ]
D:\Programming\Labs C++ Variant3\Lab13-RAII_File\Source.cpp(39,30): message : В результате преобразования теряются квалификаторы
D:\Programming\Labs C++ Variant3\Lab13-RAII_File\Source.cpp(18,17): message : см. объявление "S<T>::print"
          with
          [
              T=const std::string &
          ]
D:\Programming\Labs C++ Variant3\Lab13-RAII_File\Source.cpp(50): message : выполняется компиляция ссылки на экземпляр шаблон функции "void print_type<const std::string&>(T)"
          with
          [
              T=const std::string &
          ]
D:\Programming\Labs C++ Variant3\Lab13-RAII_File\Source.cpp(39,1): error C2664: "void S<T &&>::print(T &&)": невозможно преобразовать аргумент 1 из "std::string" в "T &&"
          with
          [
              T=std::string
          ]
D:\Programming\Labs C++ Variant3\Lab13-RAII_File\Source.cpp(39,30): message : Нельзя привязать левостороннее значение к ссылке на правостороннее значение
D:\Programming\Labs C++ Variant3\Lab13-RAII_File\Source.cpp(25,17): message : см. объявление "S<T &&>::print"
          with
          [
              T=std::string
          ]
D:\Programming\Labs C++ Variant3\Lab13-RAII_File\Source.cpp(51): message : выполняется компиляция ссылки на экземпляр шаблон функции "void print_type<std::string>(T &&)"
          with
          [
              T=std::string
          ]
D:\Programming\Labs C++ Variant3\Lab13-RAII_File\Source.cpp(39,1): error C2664: "void S<T &&>::print(const T &&)": невозможно преобразовать аргумент 1 из "const std::string" в "const T &&"
          with
          [
              T=const std::string
          ]
D:\Programming\Labs C++ Variant3\Lab13-RAII_File\Source.cpp(39,30): message : Нельзя привязать левостороннее значение к ссылке на правостороннее значение
D:\Programming\Labs C++ Variant3\Lab13-RAII_File\Source.cpp(32,17): message : см. объявление "S<T &&>::print"
          with
          [
              T=const std::string
          ]
D:\Programming\Labs C++ Variant3\Lab13-RAII_File\Source.cpp(52): message : выполняется компиляция ссылки на экземпляр шаблон функции "void print_type<const std::string>(T &&)"
          with
          [
              T=const std::string
          ]
